     1                                  ; *******************************************************************************************************************************
     2                                  ; Program name: "Arrays of Floating Point Numbers". This program takes user input of floating point numbers and places them into an array.
     3                                  ; Copyright (C) 2025  Chandresh Chavda                                                                                             *
     4                                  ;                                                                                                                               *
     5                                  ; This program is free software: you can redistribute it and/or modify it under the terms of the GNU General Public License    *
     6                                  ; as published by the Free Software Foundation, either version 3 of the License, or (at your option) any later version.        *
     7                                  ; This program is distributed in the hope that it will be useful, but WITHOUT ANY WARRANTY; without even the implied warranty  *
     8                                  ; of MERCHANTABILITY or FITNESS FOR A PARTICULAR PURPOSE. See the GNU General Public License for more details.                *
     9                                  ; You should have received a copy of the GNU General Public License along with this program. If not, see                       *
    10                                  ; <https://www.gnu.org/licenses/>.                                                                                             *
    11                                  ; *******************************************************************************************************************************
    12                                  
    13                                  ;========1=========2=========3=========4=========5=========6=========7=========8=========9=========0=========1=========2=========3**
    14                                  ; Author information
    15                                  ;   Author name: Chandresh Chavda
    16                                  ;   Author email: chav349@csu.fullerton.edu
    17                                  ;   CWID: 885158899
    18                                  ;   Class: 240-11 Section 11
    19                                  ;
    20                                  ; Program information
    21                                  ;   Program name: Arrays of Floating Point Numbers
    22                                  ;   Programming language: X86-64 Assembly
    23                                  ;   Date program began: 2025-Feb-22
    24                                  ;   Date of last update: 2025-Feb-22
    25                                  ;   Files in this program: main.c, manager.asm, input_array.asm, output_array.asm, sum.asm, sort.asm, swap.asm, isfloat.asm, run.sh.
    26                                  ;   Testing: Alpha testing completed. All functions are correct.
    27                                  ;   Status: Ready for release to customers
    28                                  ;
    29                                  ; Purpose
    30                                  ;   This program takes user inputs of floating point numbers and places them into an array.
    31                                  ;   It calculates the sum, mean, and sorts the array. The swap function is used within the sorting process to exchange array values.
    32                                  ;
    33                                  ; This file:
    34                                  ;   File name: swap.asm
    35                                  ;   Language: X86-64 Assembly
    36                                  ;   Max page width: 124 columns
    37                                  ;   Assemble (standard): nasm -f elf64 -l swap.lis -o swap.o swap.asm
    38                                  ;   Assemble (debug): nasm -f elf64 -gdwarf -l swap.lis -o swap.o swap.asm
    39                                  ;   Prototype of this function: extern double swap();
    40                                  ;
    41                                  ; Notes:
    42                                  ;   This file contains the assembly module for the "Arrays of Floating Point Numbers" program, specifically the swap function,
    43                                  ;   which exchanges two floating point numbers during the sorting process.
    44                                  ;   It is used to help sort the array in ascending order as part of the overall program logic.
    45                                  ;
    46                                  ;===== Begin code area ==========================================================================================================
    47                                  
    48                                  global swap
    49                                  
    50                                  segment .data
    51                                      ; This segment is empty
    52                                  segment .bss
    53                                      ; This segment is empty
    54                                  segment .text
    55                                  
    56                                  swap:
    57                                  
    58                                      ; Input: rdi = address of element 1, rsi = address of element 2
    59                                      
    60 00000000 F20F1007                    movsd xmm0, [rdi]    ; xmm0 = *a
    61 00000004 F20F100E                    movsd xmm1, [rsi]    ; xmm1 = *b
    62                                      
    63                                      ; Write swapped values back to memory
    64 00000008 F20F110F                    movsd [rdi], xmm1    ; *a = xmm1
    65 0000000C F20F1106                    movsd [rsi], xmm0    ; *b = xmm0
    66 00000010 C3                          ret
